<?xml version="1.0" encoding="utf-8"?><testsuites name="pytest tests"><testsuite name="pytest" errors="0" failures="0" skipped="1" tests="19" time="76.462" timestamp="2026-02-03T02:14:16.125650+00:00" hostname="agent-env-de960a44-caf6-4ff6-94a2-2cd5e40bb18d"><testcase classname="backend.tests.test_gps_feature.TestGPSFeature" name="test_create_tour_with_gps_enabled" time="0.423" /><testcase classname="backend.tests.test_gps_feature.TestGPSFeature" name="test_gps_radius_range" time="0.451" /><testcase classname="backend.tests.test_gps_feature.TestGPSFeature" name="test_gps_coordinates_precision" time="0.420" /><testcase classname="backend.tests.test_gps_feature.TestGPSFeature" name="test_public_tour_returns_gps_fields" time="0.417" /><testcase classname="backend.tests.test_gps_feature.TestGPSFeature" name="test_gps_disabled_by_default" time="0.335" /><testcase classname="backend.tests.test_gps_feature.TestGPSFeature" name="test_existing_gps_tour" time="0.035"><skipped type="pytest.skip" message="GPS test tour not found - may have been deleted">/app/backend/tests/test_gps_feature.py:195: GPS test tour not found - may have been deleted</skipped></testcase><testcase classname="backend.tests.test_tour_features.TestAuth" name="test_admin_exists" time="0.037" /><testcase classname="backend.tests.test_tour_features.TestAuth" name="test_login_success" time="0.261" /><testcase classname="backend.tests.test_tour_features.TestAuth" name="test_login_invalid_credentials" time="0.039" /><testcase classname="backend.tests.test_tour_features.TestTourCRUD" name="test_get_tours" time="0.298" /><testcase classname="backend.tests.test_tour_features.TestTourCRUD" name="test_create_tour_with_new_fields" time="0.380" /><testcase classname="backend.tests.test_tour_features.TestPublicTourAccess" name="test_public_tour_requires_published_status" time="0.493" /><testcase classname="backend.tests.test_tour_features.TestPublicTourAccess" name="test_public_tour_returns_all_new_fields" time="0.496" /><testcase classname="backend.tests.test_tour_features.TestVerificationTypes" name="test_text_verification_fields" time="0.375" /><testcase classname="backend.tests.test_tour_features.TestVerificationTypes" name="test_multiple_choice_verification_fields" time="0.370" /><testcase classname="backend.tests.test_tour_features.TestVerificationTypes" name="test_whiteboard_verification_fields" time="0.392" /><testcase classname="backend.tests.test_tour_features.TestMediaTypes" name="test_image_media_type" time="70.346" /><testcase classname="backend.tests.test_tour_features.TestMediaTypes" name="test_video_media_type" time="0.401" /><testcase classname="backend.tests.test_tour_features.TestMediaTypes" name="test_youtube_media_type" time="0.426" /></testsuite></testsuites>