<?xml version="1.0" encoding="utf-8"?><testsuites name="pytest tests"><testsuite name="pytest" errors="0" failures="0" skipped="0" tests="13" time="4.271" timestamp="2026-01-31T00:57:41.469932+00:00" hostname="agent-env-dd0a6616-0904-458a-adb9-303b4d21f46d"><testcase classname="backend.tests.test_tour_features.TestAuth" name="test_admin_exists" time="0.076" /><testcase classname="backend.tests.test_tour_features.TestAuth" name="test_login_success" time="0.263" /><testcase classname="backend.tests.test_tour_features.TestAuth" name="test_login_invalid_credentials" time="0.077" /><testcase classname="backend.tests.test_tour_features.TestTourCRUD" name="test_get_tours" time="0.299" /><testcase classname="backend.tests.test_tour_features.TestTourCRUD" name="test_create_tour_with_new_fields" time="0.372" /><testcase classname="backend.tests.test_tour_features.TestPublicTourAccess" name="test_public_tour_requires_published_status" time="0.439" /><testcase classname="backend.tests.test_tour_features.TestPublicTourAccess" name="test_public_tour_returns_all_new_fields" time="0.391" /><testcase classname="backend.tests.test_tour_features.TestVerificationTypes" name="test_text_verification_fields" time="0.400" /><testcase classname="backend.tests.test_tour_features.TestVerificationTypes" name="test_multiple_choice_verification_fields" time="0.368" /><testcase classname="backend.tests.test_tour_features.TestVerificationTypes" name="test_whiteboard_verification_fields" time="0.393" /><testcase classname="backend.tests.test_tour_features.TestMediaTypes" name="test_image_media_type" time="0.356" /><testcase classname="backend.tests.test_tour_features.TestMediaTypes" name="test_video_media_type" time="0.356" /><testcase classname="backend.tests.test_tour_features.TestMediaTypes" name="test_youtube_media_type" time="0.363" /></testsuite></testsuites>