<?xml version="1.0" encoding="utf-8"?><testsuites name="pytest tests"><testsuite name="pytest" errors="0" failures="0" skipped="0" tests="19" time="6.201" timestamp="2026-01-31T03:27:31.362528+00:00" hostname="agent-env-310d7985-acd8-4872-9b0c-d44ff76686f0"><testcase classname="backend.tests.test_gps_feature.TestGPSFeature" name="test_create_tour_with_gps_enabled" time="0.386" /><testcase classname="backend.tests.test_gps_feature.TestGPSFeature" name="test_gps_radius_range" time="0.485" /><testcase classname="backend.tests.test_gps_feature.TestGPSFeature" name="test_gps_coordinates_precision" time="0.405" /><testcase classname="backend.tests.test_gps_feature.TestGPSFeature" name="test_public_tour_returns_gps_fields" time="0.403" /><testcase classname="backend.tests.test_gps_feature.TestGPSFeature" name="test_gps_disabled_by_default" time="0.325" /><testcase classname="backend.tests.test_gps_feature.TestGPSFeature" name="test_existing_gps_tour" time="0.033" /><testcase classname="backend.tests.test_tour_features.TestAuth" name="test_admin_exists" time="0.031" /><testcase classname="backend.tests.test_tour_features.TestAuth" name="test_login_success" time="0.265" /><testcase classname="backend.tests.test_tour_features.TestAuth" name="test_login_invalid_credentials" time="0.037" /><testcase classname="backend.tests.test_tour_features.TestTourCRUD" name="test_get_tours" time="0.295" /><testcase classname="backend.tests.test_tour_features.TestTourCRUD" name="test_create_tour_with_new_fields" time="0.354" /><testcase classname="backend.tests.test_tour_features.TestPublicTourAccess" name="test_public_tour_requires_published_status" time="0.465" /><testcase classname="backend.tests.test_tour_features.TestPublicTourAccess" name="test_public_tour_returns_all_new_fields" time="0.391" /><testcase classname="backend.tests.test_tour_features.TestVerificationTypes" name="test_text_verification_fields" time="0.361" /><testcase classname="backend.tests.test_tour_features.TestVerificationTypes" name="test_multiple_choice_verification_fields" time="0.403" /><testcase classname="backend.tests.test_tour_features.TestVerificationTypes" name="test_whiteboard_verification_fields" time="0.359" /><testcase classname="backend.tests.test_tour_features.TestMediaTypes" name="test_image_media_type" time="0.377" /><testcase classname="backend.tests.test_tour_features.TestMediaTypes" name="test_video_media_type" time="0.402" /><testcase classname="backend.tests.test_tour_features.TestMediaTypes" name="test_youtube_media_type" time="0.368" /></testsuite></testsuites>