<?xml version="1.0" encoding="utf-8"?><testsuites name="pytest tests"><testsuite name="pytest" errors="0" failures="1" skipped="0" tests="19" time="6.576" timestamp="2026-02-03T02:13:43.336587+00:00" hostname="agent-env-de960a44-caf6-4ff6-94a2-2cd5e40bb18d"><testcase classname="backend.tests.test_gps_feature.TestGPSFeature" name="test_create_tour_with_gps_enabled" time="0.427" /><testcase classname="backend.tests.test_gps_feature.TestGPSFeature" name="test_gps_radius_range" time="0.465" /><testcase classname="backend.tests.test_gps_feature.TestGPSFeature" name="test_gps_coordinates_precision" time="0.472" /><testcase classname="backend.tests.test_gps_feature.TestGPSFeature" name="test_public_tour_returns_gps_fields" time="0.453" /><testcase classname="backend.tests.test_gps_feature.TestGPSFeature" name="test_gps_disabled_by_default" time="0.339" /><testcase classname="backend.tests.test_gps_feature.TestGPSFeature" name="test_existing_gps_tour" time="0.038"><failure message="assert 404 == 200&#10; +  where 404 = &lt;Response [404]&gt;.status_code">backend/tests/test_gps_feature.py:193: in test_existing_gps_tour
    assert response.status_code == 200
E   assert 404 == 200
E    +  where 404 = &lt;Response [404]&gt;.status_code</failure></testcase><testcase classname="backend.tests.test_tour_features.TestAuth" name="test_admin_exists" time="0.035" /><testcase classname="backend.tests.test_tour_features.TestAuth" name="test_login_success" time="0.257" /><testcase classname="backend.tests.test_tour_features.TestAuth" name="test_login_invalid_credentials" time="0.038" /><testcase classname="backend.tests.test_tour_features.TestTourCRUD" name="test_get_tours" time="0.296" /><testcase classname="backend.tests.test_tour_features.TestTourCRUD" name="test_create_tour_with_new_fields" time="0.410" /><testcase classname="backend.tests.test_tour_features.TestPublicTourAccess" name="test_public_tour_requires_published_status" time="0.486" /><testcase classname="backend.tests.test_tour_features.TestPublicTourAccess" name="test_public_tour_returns_all_new_fields" time="0.410" /><testcase classname="backend.tests.test_tour_features.TestVerificationTypes" name="test_text_verification_fields" time="0.371" /><testcase classname="backend.tests.test_tour_features.TestVerificationTypes" name="test_multiple_choice_verification_fields" time="0.413" /><testcase classname="backend.tests.test_tour_features.TestVerificationTypes" name="test_whiteboard_verification_fields" time="0.396" /><testcase classname="backend.tests.test_tour_features.TestMediaTypes" name="test_image_media_type" time="0.415" /><testcase classname="backend.tests.test_tour_features.TestMediaTypes" name="test_video_media_type" time="0.411" /><testcase classname="backend.tests.test_tour_features.TestMediaTypes" name="test_youtube_media_type" time="0.370" /></testsuite></testsuites>